[2024-02-19 16:06:14,073] multiqc                                            [DEBUG  ]  This is MultiQC v1.20
[2024-02-19 16:06:14,082] multiqc                                            [DEBUG  ]  Command used: /Users/sojeonggwon/mambaforge/envs/geneassm/bin/multiqc .
[2024-02-19 16:06:15,316] multiqc                                            [DEBUG  ]  Latest MultiQC version is v1.20
[2024-02-19 16:06:15,316] multiqc                                            [DEBUG  ]  Working dir : /Users/sojeonggwon/biol7210/TeamBGroup1
[2024-02-19 16:06:15,316] multiqc                                            [DEBUG  ]  Template    : default
[2024-02-19 16:06:15,317] multiqc                                            [DEBUG  ]  Running Python 3.10.13 | packaged by conda-forge | (main, Dec 23 2023, 15:36:59) [Clang 16.0.6 ]
[2024-02-19 16:06:15,318] multiqc                                            [DEBUG  ]  Analysing modules: custom_content, ccs, ngsderive, purple, conpair, lima, peddy, somalier, methylqa, mosdepth, phantompeakqualtools, qualimap, bamdst, preseq, hifiasm, quast, qorts, rna_seqc, rockhopper, rsem, rseqc, busco, bustools, goleft_indexcov, gffcompare, disambiguate, supernova, deeptools, sargasso, verifybamid, mirtrace, happy, mirtop, sambamba, gopeaks, homer, hops, macs2, theta2, snpeff, gatk, htseq, bcftools, featureCounts, fgbio, dragen, dragen_fastqc, dedup, pbmarkdup, damageprofiler, mapdamage, biobambam2, jcvi, mtnucratio, picard, vep, bakta, prokka, qc3C, nanostat, samblaster, samtools, sexdeterrmine, seqera_cli, eigenstratdatabasetools, bamtools, jellyfish, vcftools, longranger, stacks, varscan2, snippy, umitools, truvari, megahit, bbmap, bismark, biscuit, diamond, hicexplorer, hicup, hicpro, salmon, kallisto, slamdunk, star, hisat2, tophat, bowtie2, bowtie1, cellranger, snpsplit, odgi, pangolin, nextclade, freyja, humid, kat, leehom, librarian, nonpareil, adapterRemoval, bbduk, clipandmerge, cutadapt, flexbar, sourmash, kaiju, bracken, kraken, malt, motus, trimmomatic, sickle, skewer, sortmerna, biobloomtools, fastq_screen, afterqc, fastp, fastqc, filtlong, prinseqplusplus, pychopper, porechop, pycoqc, minionqc, anglerfish, multivcfanalyzer, clusterflow, checkqc, bcl2fastq, bclconvert, interop, ivar, flash, seqyclean, optitype, whatshap, xenome, xengsort, metaphlan, seqwho
[2024-02-19 16:06:15,318] multiqc                                            [DEBUG  ]  Using temporary directory for creating report: /var/folders/hb/jsxsyhdx5bd1tbsxkhn8l6hw0000gn/T/tmp3na9ct2c
[2024-02-19 16:06:15,325] multiqc                                            [INFO   ]  Search path : /Users/sojeonggwon/biol7210/TeamBGroup1
[2024-02-19 16:06:16,035] multiqc                                            [DEBUG  ]  Summary of files that were skipped by the search: [skipped_module_specific_max_filesize: 184] // [skipped_no_match: 89] // [skipped_ignore_pattern: 29] // [skipped_directory_fn_ignore_dirs: 3]
[2024-02-19 16:06:16,168] multiqc                                            [DEBUG  ]  No samples found: custom_content
[2024-02-19 16:06:16,180] multiqc.modules.quast.quast                        [INFO   ]  Found 9 reports
[2024-02-19 16:06:16,182] multiqc.utils.util_functions                       [DEBUG  ]  Wrote data file multiqc_quast.txt
[2024-02-19 16:06:16,661] multiqc.utils.util_functions                       [DEBUG  ]  Wrote data file multiqc_samtools_flagstat.txt
[2024-02-19 16:06:16,700] multiqc.modules.samtools.samtools                  [INFO   ]  Found 9 flagstat reports
[2024-02-19 16:06:16,700] multiqc.utils.software_versions                    [DEBUG  ]  Reading software versions from config.software_versions
[2024-02-19 16:06:16,721] multiqc.utils.util_functions                       [DEBUG  ]  Wrote data file multiqc_general_stats.txt
[2024-02-19 16:06:16,721] multiqc                                            [DEBUG  ]  Compressing plot data
[2024-02-19 16:06:16,781] multiqc.utils.util_functions                       [DEBUG  ]  Wrote data file multiqc_data.json
[2024-02-19 16:06:16,781] multiqc                                            [INFO   ]  Report      : multiqc_report.html
[2024-02-19 16:06:16,781] multiqc                                            [INFO   ]  Data        : multiqc_data
[2024-02-19 16:06:16,782] multiqc                                            [DEBUG  ]  Moving data file from '/var/folders/hb/jsxsyhdx5bd1tbsxkhn8l6hw0000gn/T/tmp3na9ct2c/multiqc_data' to '/Users/sojeonggwon/biol7210/TeamBGroup1/multiqc_data'
[2024-02-19 16:06:16,787] multiqc                                            [DEBUG  ]  Full report path: /Users/sojeonggwon/biol7210/TeamBGroup1/multiqc_report.html
[2024-02-19 16:06:17,181] multiqc                                            [INFO   ]  MultiQC complete
